\BOOKMARK [0][-]{section*.3}{\376\377\000O\000r\000d\000l\000i\000s\000t\000a}{}% 1
\BOOKMARK [0][-]{section*.5}{\376\377\000A\000k\000r\000o\000n\000y\000m\000e\000r}{}% 2
\BOOKMARK [0][-]{chapter.1}{\376\377\000I\000n\000l\000e\000d\000n\000i\000n\000g}{}% 3
\BOOKMARK [1][-]{section.1.1}{\376\377\000S\000y\000f\000t\000e}{chapter.1}% 4
\BOOKMARK [1][-]{section.1.2}{\376\377\000F\000r\000\345\000g\000e\000s\000t\000\344\000l\000l\000n\000i\000n\000g\000a\000r}{chapter.1}% 5
\BOOKMARK [1][-]{section.1.3}{\376\377\000A\000v\000g\000r\000\344\000n\000s\000n\000i\000n\000g}{chapter.1}% 6
\BOOKMARK [0][-]{chapter.2}{\376\377\000B\000a\000k\000g\000r\000u\000n\000d}{}% 7
\BOOKMARK [1][-]{section.2.1}{\376\377\000K\000r\000y\000p\000t\000o\000g\000r\000a\000f\000i}{chapter.2}% 8
\BOOKMARK [2][-]{subsection.2.1.1}{\376\377\000U\000p\000p\000k\000o\000m\000s\000t}{section.2.1}% 9
\BOOKMARK [2][-]{subsection.2.1.2}{\376\377\000U\000t\000v\000e\000c\000k\000l\000i\000n\000g}{section.2.1}% 10
\BOOKMARK [1][-]{section.2.2}{\376\377\000A\000E\000S\000\040\000U\000p\000p\000k\000o\000m\000s\000t}{chapter.2}% 11
\BOOKMARK [0][-]{chapter.3}{\376\377\000T\000e\000o\000r\000i}{}% 12
\BOOKMARK [1][-]{section.3.1}{\376\377\000K\000r\000y\000p\000t\000e\000r\000i\000n\000g}{chapter.3}% 13
\BOOKMARK [1][-]{section.3.2}{\376\377\000B\000l\000o\000c\000k\000c\000h\000i\000f\000f\000e\000r}{chapter.3}% 14
\BOOKMARK [2][-]{subsection.3.2.1}{\376\377\000K\000\366\000r\000l\000\344\000g\000e\000n}{section.3.2}% 15
\BOOKMARK [3][-]{subsubsection.3.2.1.1}{\376\377\000E\000C\000B}{subsection.3.2.1}% 16
\BOOKMARK [3][-]{subsubsection.3.2.1.2}{\376\377\000C\000B\000C}{subsection.3.2.1}% 17
\BOOKMARK [3][-]{subsubsection.3.2.1.3}{\376\377\000O\000F\000B}{subsection.3.2.1}% 18
\BOOKMARK [1][-]{section.3.3}{\376\377\000S\000y\000m\000e\000t\000r\000i\000s\000k\000\040\000\046\000\040\000A\000s\000y\000m\000m\000e\000t\000r\000i\000s\000k\000\040\000K\000r\000y\000p\000t\000e\000r\000i\000n\000g}{chapter.3}% 19
\BOOKMARK [2][-]{subsection.3.3.1}{\376\377\000S\000y\000m\000e\000t\000r\000i\000s\000k\000\040\000K\000r\000y\000p\000t\000e\000r\000i\000n\000g}{section.3.3}% 20
\BOOKMARK [2][-]{subsection.3.3.2}{\376\377\000A\000s\000y\000m\000m\000e\000t\000r\000i\000s\000k\000\040\000K\000r\000y\000p\000t\000e\000r\000i\000n\000g}{section.3.3}% 21
\BOOKMARK [1][-]{section.3.4}{\376\377\000A\000E\000S}{chapter.3}% 22
\BOOKMARK [2][-]{subsection.3.4.1}{\376\377\000F\000i\000n\000i\000t\000e\000\040\000F\000i\000e\000l\000d\000s}{section.3.4}% 23
\BOOKMARK [2][-]{subsection.3.4.2}{\376\377\000S\000t\000r\000u\000k\000t\000u\000r}{section.3.4}% 24
\BOOKMARK [3][-]{subsubsection.3.4.2.1}{\376\377\000S\000u\000b\000B\000y\000t\000e\000s\000\040\000o\000p\000e\000r\000a\000t\000i\000o\000n}{subsection.3.4.2}% 25
\BOOKMARK [3][-]{subsubsection.3.4.2.2}{\376\377\000S\000h\000i\000f\000t\000R\000o\000w\000s\000\040\000o\000p\000e\000r\000a\000t\000i\000o\000n}{subsection.3.4.2}% 26
\BOOKMARK [3][-]{subsubsection.3.4.2.3}{\376\377\000M\000i\000x\000C\000o\000l\000u\000m\000n\000s\000\040\000o\000p\000e\000r\000a\000t\000i\000o\000n}{subsection.3.4.2}% 27
\BOOKMARK [3][-]{subsubsection.3.4.2.4}{\376\377\000A\000d\000d\000R\000o\000u\000n\000d\000K\000e\000y\000\040\000o\000p\000e\000r\000a\000t\000i\000o\000n}{subsection.3.4.2}% 28
\BOOKMARK [2][-]{subsection.3.4.3}{\376\377\000N\000y\000c\000k\000e\000l\000\040\000u\000t\000\366\000k\000n\000i\000n\000g}{section.3.4}% 29
\BOOKMARK [3][-]{subsubsection.3.4.3.1}{\376\377\000R\000o\000t\000W\000o\000r\000d}{subsection.3.4.3}% 30
\BOOKMARK [3][-]{subsubsection.3.4.3.2}{\376\377\000S\000u\000b\000W\000o\000r\000d}{subsection.3.4.3}% 31
\BOOKMARK [3][-]{subsubsection.3.4.3.3}{\376\377\000R\000c\000o\000n}{subsection.3.4.3}% 32
\BOOKMARK [2][-]{subsection.3.4.4}{\376\377\000A\000E\000S\000-\0001\0002\0008\000b\000i\000t}{section.3.4}% 33
\BOOKMARK [2][-]{subsection.3.4.5}{\376\377\000A\000E\000S\000-\0001\0009\0002\000b\000i\000t}{section.3.4}% 34
\BOOKMARK [2][-]{subsection.3.4.6}{\376\377\000A\000E\000S\000-\0002\0005\0006\000b\000i\000t}{section.3.4}% 35
\BOOKMARK [0][-]{chapter.4}{\376\377\000M\000e\000t\000o\000d\000\040\000\046\000\040\000G\000e\000n\000o\000m\000f\000\366\000r\000a\000n\000d\000e}{}% 36
\BOOKMARK [1][-]{section.4.1}{\376\377\000I\000m\000p\000l\000e\000m\000e\000n\000t\000e\000r\000i\000n\000g}{chapter.4}% 37
\BOOKMARK [1][-]{section.4.2}{\376\377\000T\000e\000s\000t\000\040\000U\000p\000p\000s\000\344\000t\000t\000n\000i\000n\000g}{chapter.4}% 38
\BOOKMARK [1][-]{section.4.3}{\376\377\000G\000e\000n\000o\000m\000f\000\366\000r\000a\000n\000d\000e}{chapter.4}% 39
\BOOKMARK [0][-]{chapter.5}{\376\377\000R\000e\000s\000u\000l\000t\000a\000t}{}% 40
\BOOKMARK [1][-]{section.5.1}{\376\377\000N\000y\000c\000k\000e\000l\000l\000\344\000n\000g\000d\000s\000\040\000T\000e\000s\000t}{chapter.5}% 41
\BOOKMARK [1][-]{section.5.2}{\376\377\000K\000\366\000r\000l\000\344\000g\000e\000s\000\040\000T\000e\000s\000t}{chapter.5}% 42
\BOOKMARK [0][-]{chapter.6}{\376\377\000D\000i\000s\000k\000u\000s\000s\000i\000o\000n\000\040\000\046\000\040\000S\000l\000u\000t\000o\000r\000d}{}% 43
\BOOKMARK [1][-]{section.6.1}{\376\377\000F\000e\000l\000k\000\344\000l\000l\000o\000r}{chapter.6}% 44
\BOOKMARK [1][-]{section.6.2}{\376\377\000F\000\366\000r\000b\000\344\000t\000t\000r\000i\000n\000g\000a\000r}{chapter.6}% 45
\BOOKMARK [1][-]{section.6.3}{\376\377\000S\000l\000u\000t\000s\000a\000t\000s}{chapter.6}% 46
\BOOKMARK [1][-]{section.6.4}{\376\377\000S\000l\000u\000t\000o\000r\000d}{chapter.6}% 47
\BOOKMARK [0][-]{section.6.4}{\376\377\000K\000\344\000l\000l\000f\000\366\000r\000t\000e\000c\000k\000n\000i\000n\000g}{}% 48
\BOOKMARK [0][-]{chapter*.7}{\376\377\000F\000i\000g\000u\000r\000e\000r}{}% 49
